{"/Users/karengomez/Desktop/node-test-impl/elementForTesting.js": {"path":"/Users/karengomez/Desktop/node-test-impl/elementForTesting.js","statementMap":{"0":{"start":{"line":3,"column":19},"end":{"line":6,"column":1}},"1":{"start":{"line":4,"column":4},"end":{"line":4,"column":47}},"2":{"start":{"line":4,"column":40},"end":{"line":4,"column":47}},"3":{"start":{"line":5,"column":4},"end":{"line":5,"column":47}},"4":{"start":{"line":10,"column":16},"end":{"line":16,"column":1}},"5":{"start":{"line":11,"column":4},"end":{"line":11,"column":46}},"6":{"start":{"line":11,"column":39},"end":{"line":11,"column":46}},"7":{"start":{"line":12,"column":4},"end":{"line":12,"column":36}},"8":{"start":{"line":12,"column":27},"end":{"line":12,"column":36}},"9":{"start":{"line":13,"column":12},"end":{"line":13,"column":13}},"10":{"start":{"line":14,"column":4},"end":{"line":14,"column":42}},"11":{"start":{"line":14,"column":28},"end":{"line":14,"column":39}},"12":{"start":{"line":15,"column":4},"end":{"line":15,"column":27}},"13":{"start":{"line":18,"column":0},"end":{"line":21,"column":1}}},"fnMap":{"0":{"name":"(anonymous_0)","decl":{"start":{"line":3,"column":19},"end":{"line":3,"column":20}},"loc":{"start":{"line":3,"column":31},"end":{"line":6,"column":1}},"line":3},"1":{"name":"(anonymous_1)","decl":{"start":{"line":10,"column":16},"end":{"line":10,"column":17}},"loc":{"start":{"line":10,"column":27},"end":{"line":16,"column":1}},"line":10},"2":{"name":"(anonymous_2)","decl":{"start":{"line":14,"column":18},"end":{"line":14,"column":19}},"loc":{"start":{"line":14,"column":26},"end":{"line":14,"column":40}},"line":14}},"branchMap":{"0":{"loc":{"start":{"line":4,"column":4},"end":{"line":4,"column":47}},"type":"if","locations":[{"start":{"line":4,"column":4},"end":{"line":4,"column":47}},{"start":{},"end":{}}],"line":4},"1":{"loc":{"start":{"line":11,"column":4},"end":{"line":11,"column":46}},"type":"if","locations":[{"start":{"line":11,"column":4},"end":{"line":11,"column":46}},{"start":{},"end":{}}],"line":11},"2":{"loc":{"start":{"line":12,"column":4},"end":{"line":12,"column":36}},"type":"if","locations":[{"start":{"line":12,"column":4},"end":{"line":12,"column":36}},{"start":{},"end":{}}],"line":12}},"s":{"0":2,"1":3,"2":1,"3":2,"4":2,"5":3,"6":1,"7":2,"8":1,"9":1,"10":1,"11":1,"12":1,"13":2},"f":{"0":3,"1":3,"2":1},"b":{"0":[1,2],"1":[1,2],"2":[1,1]},"_coverageSchema":"1a1c01bbd47fc00a2c39e90264f33305004495a9","hash":"ce673a2b4a4c5958946bf905219015b40f665c0c"}
,"/Users/karengomez/Desktop/node-test-impl/suma.js": {"path":"/Users/karengomez/Desktop/node-test-impl/suma.js","statementMap":{"0":{"start":{"line":1,"column":13},"end":{"line":3,"column":1}},"1":{"start":{"line":2,"column":4},"end":{"line":2,"column":15}},"2":{"start":{"line":35,"column":0},"end":{"line":35,"column":25}}},"fnMap":{"0":{"name":"(anonymous_0)","decl":{"start":{"line":1,"column":13},"end":{"line":1,"column":14}},"loc":{"start":{"line":1,"column":22},"end":{"line":3,"column":1}},"line":1}},"branchMap":{},"s":{"0":1,"1":1,"2":1},"f":{"0":1},"b":{},"_coverageSchema":"1a1c01bbd47fc00a2c39e90264f33305004495a9","hash":"652f0a76fec2ee4e6744d8c254a3bee82298cb60"}
}
